<?xml version="1.0" encoding="UTF-8"?>
<!-- Generated by org.testng.reporters.JUnitXMLReporter -->
<testsuite hostname="DESKTOP-K6FJ16U" ignored="0" name="Test" tests="9" failures="1" timestamp="17 Mar 2019 20:27:15 GMT" time="0.025" errors="0">
  <testcase name="f" time="0.001" classname="selenium.Testing1"/>
  <testcase name="f" time="0.0" classname="selenium.Testing1"/>
  <testcase name="test1" time="0.0" classname="selenium.Testing1"/>
  <testcase name="test2" time="0.0" classname="selenium.Testing1"/>
  <testcase name="test3" time="0.001" classname="selenium.Testing2"/>
  <testcase name="test4" time="0.0" classname="selenium.Testing2"/>
  <testcase name="homeTest" time="0.001" classname="selenium.Testing3"/>
  <testcase name="mainTest" time="0.001" classname="selenium.Testing3">
    <failure type="java.lang.AssertionError" message="Verifying Element expected [true] but found [false]">
      <![CDATA[java.lang.AssertionError: Verifying Element expected [true] but found [false]
at selenium.Testing3.mainTest(Testing3.java:25)
... Removed 27 stack frames]]>
    </failure>
  </testcase> <!-- mainTest -->
  <testcase name="endTest" time="0.0" classname="selenium.Testing3">
    <skipped/>
  </testcase> <!-- endTest -->
</testsuite> <!-- Test -->
